Using pre-set license
Built from '2020.3/release' branch; Version is '2020.3.31f1 (6b54b7616050) revision 7034039'; Using compiler version '192528614'; Build Type 'Release'
OS: 'Windows 11  (10.0.22000) 64bit Core' Language: 'nl' Physical Memory: 16219 MB
BatchMode: 1, IsHumanControllingUs: 0, StartBugReporterOnCrash: 0, Is64bit: 1, IsPro: 0

COMMAND LINE ARGUMENTS:
C:\Program Files\Unity 2020.3.31f1\Editor\Unity.exe
-adb2
-batchMode
-noUpm
-name
AssetImportWorker0
-projectPath
C:/Users/auror/OneDrive/Documenten/school/jaar 1/fase 1/SPACE/space map
-logFile
Logs/AssetImportWorker0.log
-srvPort
63878
Successfully changed project path to: C:/Users/auror/OneDrive/Documenten/school/jaar 1/fase 1/SPACE/space map
C:/Users/auror/OneDrive/Documenten/school/jaar 1/fase 1/SPACE/space map
Using Asset Import Pipeline V2.
Refreshing native plugins compatible for Editor in 28.20 ms, found 2 plugins.
Preloading 0 native plugins for Editor in 0.00 ms.
Initialize engine version: 2020.3.31f1 (6b54b7616050)
[Subsystems] Discovering subsystems at path C:/Program Files/Unity 2020.3.31f1/Editor/Data/Resources/UnitySubsystems
[Subsystems] Discovering subsystems at path C:/Users/auror/OneDrive/Documenten/school/jaar 1/fase 1/SPACE/space map/Assets
GfxDevice: creating device client; threaded=0
Direct3D:
    Version:  Direct3D 11.0 [level 11.1]
    Renderer: NVIDIA GeForce GTX 1650 Ti (ID=0x1f95)
    Vendor:   
    VRAM:     3962 MB
    Driver:   30.0.15.1169
Initialize mono
Mono path[0] = 'C:/Program Files/Unity 2020.3.31f1/Editor/Data/Managed'
Mono path[1] = 'C:/Program Files/Unity 2020.3.31f1/Editor/Data/MonoBleedingEdge/lib/mono/unityjit'
Mono config path = 'C:/Program Files/Unity 2020.3.31f1/Editor/Data/MonoBleedingEdge/etc'
Using monoOptions --debugger-agent=transport=dt_socket,embedding=1,server=y,suspend=n,address=127.0.0.1:56996
Begin MonoManager ReloadAssembly
Registering precompiled unity dll's ...
Register platform support module: C:/Program Files/Unity 2020.3.31f1/Editor/Data/PlaybackEngines/WindowsStandaloneSupport/UnityEditor.WindowsStandalone.Extensions.dll
Registered in 0.002031 seconds.
Native extension for WindowsStandalone target not found
Refreshing native plugins compatible for Editor in 32.14 ms, found 2 plugins.
Preloading 0 native plugins for Editor in 0.00 ms.
Mono: successfully reloaded assembly
- Completed reload, in  0.516 seconds
Domain Reload Profiling:
	ReloadAssembly (516ms)
		BeginReloadAssembly (57ms)
			ExecutionOrderSort (0ms)
			DisableScriptedObjects (0ms)
			BackupInstance (0ms)
			ReleaseScriptingObjects (0ms)
			CreateAndSetChildDomain (1ms)
		EndReloadAssembly (388ms)
			LoadAssemblies (55ms)
			RebuildTransferFunctionScriptingTraits (0ms)
			SetupTypeCache (131ms)
			ReleaseScriptCaches (0ms)
			RebuildScriptCaches (29ms)
			SetupLoadedEditorAssemblies (142ms)
				LogAssemblyErrors (0ms)
				InitializePlatformSupportModulesInManaged (3ms)
				SetLoadedEditorAssemblies (0ms)
				RefreshPlugins (32ms)
				BeforeProcessingInitializeOnLoad (8ms)
				ProcessInitializeOnLoadAttributes (73ms)
				ProcessInitializeOnLoadMethodAttributes (25ms)
				AfterProcessingInitializeOnLoad (0ms)
				EditorAssembliesLoaded (0ms)
			ExecutionOrderSort2 (0ms)
			AwakeInstancesAfterBackupRestoration (0ms)
Platform modules already initialized, skipping
Registering precompiled user dll's ...
Registered in 0.003619 seconds.
Begin MonoManager ReloadAssembly
Native extension for WindowsStandalone target not found
Refreshing native plugins compatible for Editor in 0.31 ms, found 2 plugins.
Preloading 0 native plugins for Editor in 0.00 ms.
Mono: successfully reloaded assembly
- Completed reload, in  0.917 seconds
Domain Reload Profiling:
	ReloadAssembly (918ms)
		BeginReloadAssembly (141ms)
			ExecutionOrderSort (0ms)
			DisableScriptedObjects (4ms)
			BackupInstance (0ms)
			ReleaseScriptingObjects (0ms)
			CreateAndSetChildDomain (17ms)
		EndReloadAssembly (722ms)
			LoadAssemblies (87ms)
			RebuildTransferFunctionScriptingTraits (0ms)
			SetupTypeCache (248ms)
			ReleaseScriptCaches (0ms)
			RebuildScriptCaches (37ms)
			SetupLoadedEditorAssemblies (271ms)
				LogAssemblyErrors (0ms)
				InitializePlatformSupportModulesInManaged (4ms)
				SetLoadedEditorAssemblies (1ms)
				RefreshPlugins (0ms)
				BeforeProcessingInitializeOnLoad (54ms)
				ProcessInitializeOnLoadAttributes (195ms)
				ProcessInitializeOnLoadMethodAttributes (10ms)
				AfterProcessingInitializeOnLoad (6ms)
				EditorAssembliesLoaded (0ms)
			ExecutionOrderSort2 (0ms)
			AwakeInstancesAfterBackupRestoration (6ms)
Platform modules already initialized, skipping
========================================================================
Worker process is ready to serve import requests
Launched and connected shader compiler UnityShaderCompiler.exe after 0.05 seconds
Refreshing native plugins compatible for Editor in 0.45 ms, found 2 plugins.
Preloading 0 native plugins for Editor in 0.00 ms.
Unloading 1513 Unused Serialized files (Serialized files now loaded: 0)
System memory in use before: 69.7 MB.
System memory in use after: 69.8 MB.

Unloading 16 unused Assets to reduce memory usage. Loaded Objects now: 1950.
Total: 2.432500 ms (FindLiveObjects: 0.116100 ms CreateObjectMapping: 0.049100 ms MarkObjects: 2.206700 ms  DeleteObjects: 0.059800 ms)

AssetImportParameters requested are different than current active one (requested -> active):
  custom:framework-win-MediaFoundation: 216162199b28c13a410421893ffa2e32 -> 
  custom:video-decoder-ogg-theora: a1e56fd34408186e4bbccfd4996cb3dc -> 
  custom:container-muxer-webm: aa71ff27fc2769a1b78a27578f13a17b -> 
  custom:container-demuxer-webm: 4f35f7cbe854078d1ac9338744f61a02 -> 
  custom:container-demuxer-ogg: 62fdf1f143b41e24485cea50d1cbac27 -> 
  custom:video-encoder-webm-vp8: eb34c28f22e8b96e1ab97ce403110664 -> 
  custom:video-decoder-webm-vp8: 9c59270c3fd7afecdb556c50c9e8de78 -> 
  custom:audio-decoder-ogg-vorbis: bf7c407c2cedff20999df2af8eb42d56 -> 
  custom:audio-encoder-webm-vorbis: bf7c407c2cedff20999df2af8eb42d56 -> 
========================================================================
Received Import Request.
  path: Assets/scripts/NewSurfaceShader.shader
  artifactKey: Guid(d91c3945873d3fd439c1277bcf743d07) Importer(815301076,1909f56bfc062723c751e8b465ee728b)
Start importing Assets/scripts/NewSurfaceShader.shader using Guid(d91c3945873d3fd439c1277bcf743d07) Importer(815301076,1909f56bfc062723c751e8b465ee728b)  -> (artifact id: 'b5840124a2bc6952093f0902b6632a2f') in 0.030238 seconds 
========================================================================
Received Import Request.
  Time since last request: 14.048712 seconds.
  path: Assets/scripts/culling.shader
  artifactKey: Guid(d91c3945873d3fd439c1277bcf743d07) Importer(815301076,1909f56bfc062723c751e8b465ee728b)
Start importing Assets/scripts/culling.shader using Guid(d91c3945873d3fd439c1277bcf743d07) Importer(815301076,1909f56bfc062723c751e8b465ee728b)  -> (artifact id: 'a26f0ef8605b461fa357f4b9d0f63631') in 0.008566 seconds 
========================================================================
Received Import Request.
  Time since last request: 33.831240 seconds.
  path: Assets/scripts/culling.shader
  artifactKey: Guid(d91c3945873d3fd439c1277bcf743d07) Importer(815301076,1909f56bfc062723c751e8b465ee728b)
Start importing Assets/scripts/culling.shader using Guid(d91c3945873d3fd439c1277bcf743d07) Importer(815301076,1909f56bfc062723c751e8b465ee728b)  -> (artifact id: '3c743d64602ae7e204040b49328f2d20') in 0.003562 seconds 
========================================================================
Received Import Request.
  Time since last request: 18.251351 seconds.
  path: Assets/scripts/NewImageEffectShader.shader
  artifactKey: Guid(35f8cf1aac64ef5458668ee81f66ef6b) Importer(815301076,1909f56bfc062723c751e8b465ee728b)
Start importing Assets/scripts/NewImageEffectShader.shader using Guid(35f8cf1aac64ef5458668ee81f66ef6b) Importer(815301076,1909f56bfc062723c751e8b465ee728b)  -> (artifact id: '286c3d95e82d005dc58a8c631547e17e') in 0.009764 seconds 
========================================================================
Received Import Request.
  Time since last request: 14.533183 seconds.
  path: Assets/scripts/NewComputeShader.compute
  artifactKey: Guid(6bf6623a18a0c774face1e728dfc17c2) Importer(815301076,1909f56bfc062723c751e8b465ee728b)
Start importing Assets/scripts/NewComputeShader.compute using Guid(6bf6623a18a0c774face1e728dfc17c2) Importer(815301076,1909f56bfc062723c751e8b465ee728b)  -> (artifact id: '529da2c7cedd11eb8214de1d79eef7cd') in 0.009147 seconds 
========================================================================
Received Import Request.
  Time since last request: 17.136396 seconds.
  path: Assets/scripts/NewRayTracingShader.raytrace
  artifactKey: Guid(523b876701fac854fa215abaa9004090) Importer(815301076,1909f56bfc062723c751e8b465ee728b)
Start importing Assets/scripts/NewRayTracingShader.raytrace using Guid(523b876701fac854fa215abaa9004090) Importer(815301076,1909f56bfc062723c751e8b465ee728b)  -> (artifact id: 'd1db580fdda96c31ee63acb88b68229e') in 0.009643 seconds 
========================================================================
Received Import Request.
  Time since last request: 13.036328 seconds.
  path: Assets/scripts/NewShaderVariants.shadervariants
  artifactKey: Guid(7f3dcd9b67ee7a54a9eec6c0d584fcf4) Importer(815301076,1909f56bfc062723c751e8b465ee728b)
Start importing Assets/scripts/NewShaderVariants.shadervariants using Guid(7f3dcd9b67ee7a54a9eec6c0d584fcf4) Importer(815301076,1909f56bfc062723c751e8b465ee728b)  -> (artifact id: 'd93a7a367f993e096bca24954cf5c828') in 0.009259 seconds 
AssetImportWorkerClient::OnTransportError - code=2 error=End of file
