Using pre-set license
Built from '2020.3/release' branch; Version is '2020.3.31f1 (6b54b7616050) revision 7034039'; Using compiler version '192528614'; Build Type 'Release'
OS: 'Windows 11  (10.0.22000) 64bit Core' Language: 'nl' Physical Memory: 16219 MB
BatchMode: 1, IsHumanControllingUs: 0, StartBugReporterOnCrash: 0, Is64bit: 1, IsPro: 0

COMMAND LINE ARGUMENTS:
C:\Program Files\Unity 2020.3.31f1\Editor\Unity.exe
-adb2
-batchMode
-noUpm
-name
AssetImportWorker0
-projectPath
C:/Users/auror/OneDrive/Documenten/school/jaar 1/fase 1/SPACE/space ship
-logFile
Logs/AssetImportWorker0.log
-srvPort
50289
Successfully changed project path to: C:/Users/auror/OneDrive/Documenten/school/jaar 1/fase 1/SPACE/space ship
C:/Users/auror/OneDrive/Documenten/school/jaar 1/fase 1/SPACE/space ship
Using Asset Import Pipeline V2.
Refreshing native plugins compatible for Editor in 32.03 ms, found 2 plugins.
Preloading 0 native plugins for Editor in 0.00 ms.
Initialize engine version: 2020.3.31f1 (6b54b7616050)
[Subsystems] Discovering subsystems at path C:/Program Files/Unity 2020.3.31f1/Editor/Data/Resources/UnitySubsystems
[Subsystems] Discovering subsystems at path C:/Users/auror/OneDrive/Documenten/school/jaar 1/fase 1/SPACE/space ship/Assets
GfxDevice: creating device client; threaded=0
Direct3D:
    Version:  Direct3D 11.0 [level 11.1]
    Renderer: NVIDIA GeForce GTX 1650 Ti (ID=0x1f95)
    Vendor:   
    VRAM:     3962 MB
    Driver:   30.0.15.1169
Initialize mono
Mono path[0] = 'C:/Program Files/Unity 2020.3.31f1/Editor/Data/Managed'
Mono path[1] = 'C:/Program Files/Unity 2020.3.31f1/Editor/Data/MonoBleedingEdge/lib/mono/unityjit'
Mono config path = 'C:/Program Files/Unity 2020.3.31f1/Editor/Data/MonoBleedingEdge/etc'
Using monoOptions --debugger-agent=transport=dt_socket,embedding=1,server=y,suspend=n,address=127.0.0.1:56676
Begin MonoManager ReloadAssembly
Registering precompiled unity dll's ...
Register platform support module: C:/Program Files/Unity 2020.3.31f1/Editor/Data/PlaybackEngines/WindowsStandaloneSupport/UnityEditor.WindowsStandalone.Extensions.dll
Registered in 0.002432 seconds.
Native extension for WindowsStandalone target not found
Refreshing native plugins compatible for Editor in 30.95 ms, found 2 plugins.
Preloading 0 native plugins for Editor in 0.00 ms.
Mono: successfully reloaded assembly
- Completed reload, in  0.536 seconds
Domain Reload Profiling:
	ReloadAssembly (536ms)
		BeginReloadAssembly (56ms)
			ExecutionOrderSort (0ms)
			DisableScriptedObjects (0ms)
			BackupInstance (0ms)
			ReleaseScriptingObjects (0ms)
			CreateAndSetChildDomain (1ms)
		EndReloadAssembly (411ms)
			LoadAssemblies (54ms)
			RebuildTransferFunctionScriptingTraits (0ms)
			SetupTypeCache (143ms)
			ReleaseScriptCaches (0ms)
			RebuildScriptCaches (27ms)
			SetupLoadedEditorAssemblies (153ms)
				LogAssemblyErrors (0ms)
				InitializePlatformSupportModulesInManaged (4ms)
				SetLoadedEditorAssemblies (0ms)
				RefreshPlugins (31ms)
				BeforeProcessingInitializeOnLoad (9ms)
				ProcessInitializeOnLoadAttributes (79ms)
				ProcessInitializeOnLoadMethodAttributes (30ms)
				AfterProcessingInitializeOnLoad (0ms)
				EditorAssembliesLoaded (0ms)
			ExecutionOrderSort2 (0ms)
			AwakeInstancesAfterBackupRestoration (0ms)
Platform modules already initialized, skipping
Registering precompiled user dll's ...
Registered in 0.003271 seconds.
Begin MonoManager ReloadAssembly
Native extension for WindowsStandalone target not found
Refreshing native plugins compatible for Editor in 0.30 ms, found 2 plugins.
Preloading 0 native plugins for Editor in 0.00 ms.
Mono: successfully reloaded assembly
- Completed reload, in  0.925 seconds
Domain Reload Profiling:
	ReloadAssembly (926ms)
		BeginReloadAssembly (150ms)
			ExecutionOrderSort (0ms)
			DisableScriptedObjects (4ms)
			BackupInstance (0ms)
			ReleaseScriptingObjects (0ms)
			CreateAndSetChildDomain (18ms)
		EndReloadAssembly (720ms)
			LoadAssemblies (92ms)
			RebuildTransferFunctionScriptingTraits (0ms)
			SetupTypeCache (242ms)
			ReleaseScriptCaches (0ms)
			RebuildScriptCaches (37ms)
			SetupLoadedEditorAssemblies (264ms)
				LogAssemblyErrors (0ms)
				InitializePlatformSupportModulesInManaged (4ms)
				SetLoadedEditorAssemblies (0ms)
				RefreshPlugins (0ms)
				BeforeProcessingInitializeOnLoad (55ms)
				ProcessInitializeOnLoadAttributes (190ms)
				ProcessInitializeOnLoadMethodAttributes (8ms)
				AfterProcessingInitializeOnLoad (7ms)
				EditorAssembliesLoaded (0ms)
			ExecutionOrderSort2 (0ms)
			AwakeInstancesAfterBackupRestoration (9ms)
Platform modules already initialized, skipping
========================================================================
Worker process is ready to serve import requests
Launched and connected shader compiler UnityShaderCompiler.exe after 0.05 seconds
Refreshing native plugins compatible for Editor in 0.32 ms, found 2 plugins.
Preloading 0 native plugins for Editor in 0.00 ms.
Unloading 1516 Unused Serialized files (Serialized files now loaded: 0)
System memory in use before: 70.3 MB.
System memory in use after: 70.4 MB.

Unloading 16 unused Assets to reduce memory usage. Loaded Objects now: 1954.
Total: 3.769500 ms (FindLiveObjects: 0.135700 ms CreateObjectMapping: 0.070300 ms MarkObjects: 3.485900 ms  DeleteObjects: 0.075900 ms)

AssetImportParameters requested are different than current active one (requested -> active):
  custom:framework-win-MediaFoundation: 216162199b28c13a410421893ffa2e32 -> 
  custom:video-decoder-ogg-theora: a1e56fd34408186e4bbccfd4996cb3dc -> 
  custom:container-muxer-webm: aa71ff27fc2769a1b78a27578f13a17b -> 
  custom:container-demuxer-webm: 4f35f7cbe854078d1ac9338744f61a02 -> 
  custom:container-demuxer-ogg: 62fdf1f143b41e24485cea50d1cbac27 -> 
  custom:video-encoder-webm-vp8: eb34c28f22e8b96e1ab97ce403110664 -> 
  custom:video-decoder-webm-vp8: 9c59270c3fd7afecdb556c50c9e8de78 -> 
  custom:audio-decoder-ogg-vorbis: bf7c407c2cedff20999df2af8eb42d56 -> 
  custom:audio-encoder-webm-vorbis: bf7c407c2cedff20999df2af8eb42d56 -> 
========================================================================
Received Import Request.
  path: Assets/GabrielAguiarProductions/Unique_Projectiles_Volume_1/Animations
  artifactKey: Guid(6d1217b1f5fd1744eb426f0284c1a3c0) Importer(815301076,1909f56bfc062723c751e8b465ee728b)
Start importing Assets/GabrielAguiarProductions/Unique_Projectiles_Volume_1/Animations using Guid(6d1217b1f5fd1744eb426f0284c1a3c0) Importer(815301076,1909f56bfc062723c751e8b465ee728b)  -> (artifact id: '0434e2252b0df7dc3685c2ada35cf512') in 0.008446 seconds 
========================================================================
Received Import Request.
  Time since last request: 0.648339 seconds.
  path: Assets/GabrielAguiarProductions/Unique_Projectiles_Volume_1/Prefabs
  artifactKey: Guid(0ab249a2054a53741a86681df346a36e) Importer(815301076,1909f56bfc062723c751e8b465ee728b)
Start importing Assets/GabrielAguiarProductions/Unique_Projectiles_Volume_1/Prefabs using Guid(0ab249a2054a53741a86681df346a36e) Importer(815301076,1909f56bfc062723c751e8b465ee728b)  -> (artifact id: '9fc88970921a784cb992c675420124f4') in 0.015067 seconds 
========================================================================
Received Import Request.
  Time since last request: 13.543418 seconds.
  path: Assets/GabrielAguiarProductions/Unique_Projectiles_Volume_1/Models
  artifactKey: Guid(b04420de7226fa34dac5de7e9b7582ed) Importer(815301076,1909f56bfc062723c751e8b465ee728b)
Start importing Assets/GabrielAguiarProductions/Unique_Projectiles_Volume_1/Models using Guid(b04420de7226fa34dac5de7e9b7582ed) Importer(815301076,1909f56bfc062723c751e8b465ee728b)  -> (artifact id: 'a5c439ebafbc7646d5f2fd928e45c4a7') in 0.015565 seconds 
========================================================================
Received Import Request.
  Time since last request: 0.066737 seconds.
  path: Assets/GabrielAguiarProductions/Unique_Projectiles_Volume_1/Models/Arrow02.fbx
  artifactKey: Guid(f2d359f4a4c02174a943030c9d305ff5) Importer(815301076,1909f56bfc062723c751e8b465ee728b)
Start importing Assets/GabrielAguiarProductions/Unique_Projectiles_Volume_1/Models/Arrow02.fbx using Guid(f2d359f4a4c02174a943030c9d305ff5) Importer(815301076,1909f56bfc062723c751e8b465ee728b)  -> (artifact id: '7d42a74434dd71f584413bf9f1f2d0bc') in 0.347259 seconds 
========================================================================
Received Import Request.
  Time since last request: 0.000148 seconds.
  path: Assets/GabrielAguiarProductions/Unique_Projectiles_Volume_1/Models/MuzzleSquare01.fbx
  artifactKey: Guid(f967921ff56fd8342be5ffa057882f25) Importer(815301076,1909f56bfc062723c751e8b465ee728b)
Start importing Assets/GabrielAguiarProductions/Unique_Projectiles_Volume_1/Models/MuzzleSquare01.fbx using Guid(f967921ff56fd8342be5ffa057882f25) Importer(815301076,1909f56bfc062723c751e8b465ee728b)  -> (artifact id: '76e73eebd1c939a58c738f3688faed37') in 0.021649 seconds 
========================================================================
Received Import Request.
  Time since last request: 0.000139 seconds.
  path: Assets/GabrielAguiarProductions/Unique_Projectiles_Volume_1/Models/ProjectileShape01.fbx
  artifactKey: Guid(3925c387845ff51429c79f31d4c78040) Importer(815301076,1909f56bfc062723c751e8b465ee728b)
Start importing Assets/GabrielAguiarProductions/Unique_Projectiles_Volume_1/Models/ProjectileShape01.fbx using Guid(3925c387845ff51429c79f31d4c78040) Importer(815301076,1909f56bfc062723c751e8b465ee728b)  -> (artifact id: '39bbea755aa78aeb023023660f9eba5f') in 0.019484 seconds 
========================================================================
Received Import Request.
  Time since last request: 0.000184 seconds.
  path: Assets/GabrielAguiarProductions/Unique_Projectiles_Volume_1/Models/Cylinder02.fbx
  artifactKey: Guid(c91202bd37b68a649b5d3f1cde1aadbd) Importer(815301076,1909f56bfc062723c751e8b465ee728b)
Start importing Assets/GabrielAguiarProductions/Unique_Projectiles_Volume_1/Models/Cylinder02.fbx using Guid(c91202bd37b68a649b5d3f1cde1aadbd) Importer(815301076,1909f56bfc062723c751e8b465ee728b)  -> (artifact id: 'ad27d1300e8d481e33caa336e747ced4') in 0.018624 seconds 
========================================================================
Received Import Request.
  Time since last request: 6.572254 seconds.
  path: Assets/GabrielAguiarProductions/Unique_Projectiles_Volume_1/Prefabs/Hits
  artifactKey: Guid(332442acd12496e479f4d96518c97c21) Importer(815301076,1909f56bfc062723c751e8b465ee728b)
Start importing Assets/GabrielAguiarProductions/Unique_Projectiles_Volume_1/Prefabs/Hits using Guid(332442acd12496e479f4d96518c97c21) Importer(815301076,1909f56bfc062723c751e8b465ee728b)  -> (artifact id: '39fa18dde0f679bed547533d2741d179') in 0.005844 seconds 
========================================================================
Received Import Request.
  Time since last request: 0.066930 seconds.
  path: Assets/GabrielAguiarProductions/Unique_Projectiles_Volume_1/Prefabs/Hits/vfx_Hit_ArrowBlue.prefab
  artifactKey: Guid(a17580581e360e74db460cc3d5dc0396) Importer(815301076,1909f56bfc062723c751e8b465ee728b)
Start importing Assets/GabrielAguiarProductions/Unique_Projectiles_Volume_1/Prefabs/Hits/vfx_Hit_ArrowBlue.prefab using Guid(a17580581e360e74db460cc3d5dc0396) Importer(815301076,1909f56bfc062723c751e8b465ee728b)  -> (artifact id: 'f9dced21cab0495d4b24b97c7c3f55d5') in 0.048159 seconds 
========================================================================
Received Import Request.
  Time since last request: 0.000201 seconds.
  path: Assets/GabrielAguiarProductions/Unique_Projectiles_Volume_1/Prefabs/Hits/vfx_Hit_BulletOrange.prefab
  artifactKey: Guid(03280e26db9a2524c8409f02a2ab4d7d) Importer(815301076,1909f56bfc062723c751e8b465ee728b)
Start importing Assets/GabrielAguiarProductions/Unique_Projectiles_Volume_1/Prefabs/Hits/vfx_Hit_BulletOrange.prefab using Guid(03280e26db9a2524c8409f02a2ab4d7d) Importer(815301076,1909f56bfc062723c751e8b465ee728b)  -> (artifact id: '6103a62aac27e9ac732e4c3508c7d29a') in 0.019564 seconds 
========================================================================
Received Import Request.
  Time since last request: 0.000207 seconds.
  path: Assets/GabrielAguiarProductions/Unique_Projectiles_Volume_1/Prefabs/Hits/vfx_Hit_LaserRed.prefab
  artifactKey: Guid(26b29734bf3bebe4fb390f7cb3db7530) Importer(815301076,1909f56bfc062723c751e8b465ee728b)
Start importing Assets/GabrielAguiarProductions/Unique_Projectiles_Volume_1/Prefabs/Hits/vfx_Hit_LaserRed.prefab using Guid(26b29734bf3bebe4fb390f7cb3db7530) Importer(815301076,1909f56bfc062723c751e8b465ee728b)  -> (artifact id: '72b7f27bdcbf4a7b6fff95ba2513da3c') in 0.019957 seconds 
========================================================================
Received Import Request.
  Time since last request: 0.000121 seconds.
  path: Assets/GabrielAguiarProductions/Unique_Projectiles_Volume_1/Prefabs/Hits/vfx_Hit_ArrowPoisoned.prefab
  artifactKey: Guid(9a723d60088206e4a86eb5411a8d5df3) Importer(815301076,1909f56bfc062723c751e8b465ee728b)
Start importing Assets/GabrielAguiarProductions/Unique_Projectiles_Volume_1/Prefabs/Hits/vfx_Hit_ArrowPoisoned.prefab using Guid(9a723d60088206e4a86eb5411a8d5df3) Importer(815301076,1909f56bfc062723c751e8b465ee728b)  -> (artifact id: '57a9e8fb00266ddc559654f2afd7a800') in 0.058139 seconds 
========================================================================
Received Import Request.
  Time since last request: 0.000120 seconds.
  path: Assets/GabrielAguiarProductions/Unique_Projectiles_Volume_1/Prefabs/Hits/vfx_Hit_PinkGum.prefab
  artifactKey: Guid(c7652840ac054dd428fadb028b9d2cf9) Importer(815301076,1909f56bfc062723c751e8b465ee728b)
Start importing Assets/GabrielAguiarProductions/Unique_Projectiles_Volume_1/Prefabs/Hits/vfx_Hit_PinkGum.prefab using Guid(c7652840ac054dd428fadb028b9d2cf9) Importer(815301076,1909f56bfc062723c751e8b465ee728b)  -> (artifact id: '9825a4eb0da84ef4b4baf79ab80b8ad9') in 0.016253 seconds 
========================================================================
Received Import Request.
  Time since last request: 4.433213 seconds.
  path: Assets/GabrielAguiarProductions/Unique_Projectiles_Volume_1/Scenes
  artifactKey: Guid(4317ba9a6531533449a37b1633c3c516) Importer(815301076,1909f56bfc062723c751e8b465ee728b)
Start importing Assets/GabrielAguiarProductions/Unique_Projectiles_Volume_1/Scenes using Guid(4317ba9a6531533449a37b1633c3c516) Importer(815301076,1909f56bfc062723c751e8b465ee728b)  -> (artifact id: '6163764ca73181d21e956245106e284f') in 0.006273 seconds 
